<?xml version="1.0" encoding="UTF-8"?>
<testsuite xmlns:xsi="http://www.w3.org/2001/XMLSchema-instance" xsi:noNamespaceSchemaLocation="https://maven.apache.org/surefire/maven-surefire-plugin/xsd/surefire-test-report.xsd" name="com.github.julianps.modelmapper.ValueConverterTest" time="0.19" tests="7" errors="0" skipped="0" failures="0">
  <properties>
[...]
</properties>
  <testcase name="testDerivedSet" classname="com.github.julianps.modelmapper.ValueConverterTest" time="0.113"/>
  <testcase name="testNormalList" classname="com.github.julianps.modelmapper.ValueConverterTest" time="0.014"/>
  <testcase name="testNormalArray" classname="com.github.julianps.modelmapper.ValueConverterTest" time="0.007"/>
  <testcase name="testDerivedArray" classname="com.github.julianps.modelmapper.ValueConverterTest" time="0.001"/>
  <testcase name="testDerivedList" classname="com.github.julianps.modelmapper.ValueConverterTest" time="0.001"/>
  <testcase name="testNormalSet" classname="com.github.julianps.modelmapper.ValueConverterTest" time="0.001"/>
  <testcase name="testOption" classname="com.github.julianps.modelmapper.ValueConverterTest" time="0.008"/>
</testsuite>